<?xml version="1.0" encoding="UTF-8"?>
<testsuite xmlns:xsi="http://www.w3.org/2001/XMLSchema-instance" xsi:noNamespaceSchemaLocation="https://maven.apache.org/surefire/maven-surefire-plugin/xsd/surefire-test-report.xsd" name="com.elsevier.runner.TestRunner" time="2.347" tests="1" errors="0" skipped="0" failures="1">
  <properties>
    <property name="java.specification.version" value="13"/>
    <property name="sun.jnu.encoding" value="UTF-8"/>
    <property name="java.class.path" value="/Users/ankranja/elsevier-entellect/target/test-classes:/Users/ankranja/elsevier-entellect/target/classes:/Users/ankranja/.m2/repository/junit/junit/4.12/junit-4.12.jar:/Users/ankranja/.m2/repository/org/hamcrest/hamcrest-core/1.3/hamcrest-core-1.3.jar:/Users/ankranja/.m2/repository/io/rest-assured/rest-assured/4.1.2/rest-assured-4.1.2.jar:/Users/ankranja/.m2/repository/org/codehaus/groovy/groovy/2.5.8/groovy-2.5.8.jar:/Users/ankranja/.m2/repository/org/codehaus/groovy/groovy-xml/2.5.8/groovy-xml-2.5.8.jar:/Users/ankranja/.m2/repository/org/apache/httpcomponents/httpclient/4.5.3/httpclient-4.5.3.jar:/Users/ankranja/.m2/repository/org/apache/httpcomponents/httpcore/4.4.6/httpcore-4.4.6.jar:/Users/ankranja/.m2/repository/commons-logging/commons-logging/1.2/commons-logging-1.2.jar:/Users/ankranja/.m2/repository/commons-codec/commons-codec/1.9/commons-codec-1.9.jar:/Users/ankranja/.m2/repository/org/apache/httpcomponents/httpmime/4.5.3/httpmime-4.5.3.jar:/Users/ankranja/.m2/repository/org/hamcrest/hamcrest/2.1/hamcrest-2.1.jar:/Users/ankranja/.m2/repository/org/ccil/cowan/tagsoup/tagsoup/1.2.1/tagsoup-1.2.1.jar:/Users/ankranja/.m2/repository/io/rest-assured/xml-path/4.1.2/xml-path-4.1.2.jar:/Users/ankranja/.m2/repository/javax/xml/bind/jaxb-api/2.3.1/jaxb-api-2.3.1.jar:/Users/ankranja/.m2/repository/javax/activation/javax.activation-api/1.2.0/javax.activation-api-1.2.0.jar:/Users/ankranja/.m2/repository/com/sun/xml/bind/jaxb-osgi/2.3.0.1/jaxb-osgi-2.3.0.1.jar:/Users/ankranja/.m2/repository/org/apache/sling/org.apache.sling.javax.activation/0.1.0/org.apache.sling.javax.activation-0.1.0.jar:/Users/ankranja/.m2/repository/javax/activation/activation/1.1.1/activation-1.1.1.jar:/Users/ankranja/.m2/repository/io/rest-assured/json-path/4.1.2/json-path-4.1.2.jar:/Users/ankranja/.m2/repository/org/codehaus/groovy/groovy-json/2.5.8/groovy-json-2.5.8.jar:/Users/ankranja/.m2/repository/io/rest-assured/rest-assured-common/4.1.2/rest-assured-common-4.1.2.jar:/Users/ankranja/.m2/repository/io/rest-assured/json-schema-validator/4.1.2/json-schema-validator-4.1.2.jar:/Users/ankranja/.m2/repository/com/github/java-json-tools/json-schema-validator/2.2.10/json-schema-validator-2.2.10.jar:/Users/ankranja/.m2/repository/com/github/java-json-tools/json-schema-core/1.2.10/json-schema-core-1.2.10.jar:/Users/ankranja/.m2/repository/com/github/java-json-tools/jackson-coreutils/1.9/jackson-coreutils-1.9.jar:/Users/ankranja/.m2/repository/com/github/fge/msg-simple/1.1/msg-simple-1.1.jar:/Users/ankranja/.m2/repository/com/github/fge/btf/1.2/btf-1.2.jar:/Users/ankranja/.m2/repository/com/github/fge/uri-template/0.9/uri-template-0.9.jar:/Users/ankranja/.m2/repository/org/mozilla/rhino/1.7.7.1/rhino-1.7.7.1.jar:/Users/ankranja/.m2/repository/javax/mail/mailapi/1.4.3/mailapi-1.4.3.jar:/Users/ankranja/.m2/repository/joda-time/joda-time/2.9.7/joda-time-2.9.7.jar:/Users/ankranja/.m2/repository/com/googlecode/libphonenumber/libphonenumber/8.0.0/libphonenumber-8.0.0.jar:/Users/ankranja/.m2/repository/com/google/code/findbugs/jsr305/3.0.1/jsr305-3.0.1.jar:/Users/ankranja/.m2/repository/net/sf/jopt-simple/jopt-simple/5.0.3/jopt-simple-5.0.3.jar:/Users/ankranja/.m2/repository/io/cucumber/cucumber-java/4.8.0/cucumber-java-4.8.0.jar:/Users/ankranja/.m2/repository/io/cucumber/cucumber-core/4.8.0/cucumber-core-4.8.0.jar:/Users/ankranja/.m2/repository/io/cucumber/tag-expressions/1.1.1/tag-expressions-1.1.1.jar:/Users/ankranja/.m2/repository/io/cucumber/cucumber-expressions/7.0.2/cucumber-expressions-7.0.2.jar:/Users/ankranja/.m2/repository/io/cucumber/datatable/1.1.14/datatable-1.1.14.jar:/Users/ankranja/.m2/repository/io/cucumber/datatable-dependencies/1.1.14/datatable-dependencies-1.1.14.jar:/Users/ankranja/.m2/repository/org/apiguardian/apiguardian-api/1.1.0/apiguardian-api-1.1.0.jar:/Users/ankranja/.m2/repository/io/cucumber/cucumber-jvm-deps/1.0.6/cucumber-jvm-deps-1.0.6.jar:/Users/ankranja/.m2/repository/io/cucumber/cucumber-junit/4.8.0/cucumber-junit-4.8.0.jar:/Users/ankranja/.m2/repository/de/monochromata/cucumber/reporting-plugin/3.0.7/reporting-plugin-3.0.7.jar:/Users/ankranja/.m2/repository/io/cucumber/gherkin/5.1.0/gherkin-5.1.0.jar:/Users/ankranja/.m2/repository/io/cucumber/gherkin-jvm-deps/1.0.4/gherkin-jvm-deps-1.0.4.jar:/Users/ankranja/.m2/repository/net/masterthought/cucumber-reporting/4.11.0/cucumber-reporting-4.11.0.jar:/Users/ankranja/.m2/repository/com/fasterxml/jackson/core/jackson-databind/2.10.0.pr2/jackson-databind-2.10.0.pr2.jar:/Users/ankranja/.m2/repository/com/fasterxml/jackson/core/jackson-annotations/2.10.0.pr2/jackson-annotations-2.10.0.pr2.jar:/Users/ankranja/.m2/repository/com/fasterxml/jackson/core/jackson-core/2.10.0.pr2/jackson-core-2.10.0.pr2.jar:/Users/ankranja/.m2/repository/org/apache/velocity/velocity-engine-core/2.1/velocity-engine-core-2.1.jar:/Users/ankranja/.m2/repository/org/slf4j/slf4j-api/1.7.26/slf4j-api-1.7.26.jar:/Users/ankranja/.m2/repository/commons-collections/commons-collections/3.2.2/commons-collections-3.2.2.jar:/Users/ankranja/.m2/repository/commons-io/commons-io/2.6/commons-io-2.6.jar:/Users/ankranja/.m2/repository/org/codehaus/plexus/plexus-utils/3.2.0/plexus-utils-3.2.0.jar:/Users/ankranja/.m2/repository/org/jsoup/jsoup/1.12.1/jsoup-1.12.1.jar:/Users/ankranja/.m2/repository/com/googlecode/owasp-java-html-sanitizer/owasp-java-html-sanitizer/20190610.1/owasp-java-html-sanitizer-20190610.1.jar:/Users/ankranja/.m2/repository/com/google/guava/guava/27.1-jre/guava-27.1-jre.jar:/Users/ankranja/.m2/repository/com/google/guava/failureaccess/1.0.1/failureaccess-1.0.1.jar:/Users/ankranja/.m2/repository/com/google/guava/listenablefuture/9999.0-empty-to-avoid-conflict-with-guava/listenablefuture-9999.0-empty-to-avoid-conflict-with-guava.jar:/Users/ankranja/.m2/repository/org/checkerframework/checker-qual/2.5.2/checker-qual-2.5.2.jar:/Users/ankranja/.m2/repository/com/google/errorprone/error_prone_annotations/2.2.0/error_prone_annotations-2.2.0.jar:/Users/ankranja/.m2/repository/com/google/j2objc/j2objc-annotations/1.1/j2objc-annotations-1.1.jar:/Users/ankranja/.m2/repository/org/codehaus/mojo/animal-sniffer-annotations/1.17/animal-sniffer-annotations-1.17.jar:/Users/ankranja/.m2/repository/commons-configuration/commons-configuration/1.10/commons-configuration-1.10.jar:/Users/ankranja/.m2/repository/commons-lang/commons-lang/2.6/commons-lang-2.6.jar:/Users/ankranja/.m2/repository/org/json/json/20190722/json-20190722.jar:/Users/ankranja/.m2/repository/com/googlecode/json-simple/json-simple/1.1.1/json-simple-1.1.1.jar:/Users/ankranja/.m2/repository/com/github/javafaker/javafaker/1.0.1/javafaker-1.0.1.jar:/Users/ankranja/.m2/repository/org/apache/commons/commons-lang3/3.5/commons-lang3-3.5.jar:/Users/ankranja/.m2/repository/org/yaml/snakeyaml/1.23/snakeyaml-1.23-android.jar:/Users/ankranja/.m2/repository/com/github/mifmif/generex/1.0.2/generex-1.0.2.jar:/Users/ankranja/.m2/repository/dk/brics/automaton/automaton/1.11-8/automaton-1.11-8.jar:"/>
    <property name="java.vm.vendor" value="Oracle Corporation"/>
    <property name="sun.arch.data.model" value="64"/>
    <property name="java.vendor.url" value="https://java.oracle.com/"/>
    <property name="os.name" value="Mac OS X"/>
    <property name="java.vm.specification.version" value="13"/>
    <property name="sun.java.launcher" value="SUN_STANDARD"/>
    <property name="user.country" value="IN"/>
    <property name="sun.boot.library.path" value="/Library/Java/JavaVirtualMachines/jdk-13.0.2.jdk/Contents/Home/lib"/>
    <property name="sun.java.command" value="/Users/ankranja/elsevier-entellect/target/surefire/surefirebooter14614109669810918051.jar /Users/ankranja/elsevier-entellect/target/surefire 2021-02-23T01-11-17_176-jvmRun1 surefire13598594594171552154tmp surefire_015738782368026205818tmp"/>
    <property name="jdk.debug" value="release"/>
    <property name="surefire.test.class.path" value="/Users/ankranja/elsevier-entellect/target/test-classes:/Users/ankranja/elsevier-entellect/target/classes:/Users/ankranja/.m2/repository/junit/junit/4.12/junit-4.12.jar:/Users/ankranja/.m2/repository/org/hamcrest/hamcrest-core/1.3/hamcrest-core-1.3.jar:/Users/ankranja/.m2/repository/io/rest-assured/rest-assured/4.1.2/rest-assured-4.1.2.jar:/Users/ankranja/.m2/repository/org/codehaus/groovy/groovy/2.5.8/groovy-2.5.8.jar:/Users/ankranja/.m2/repository/org/codehaus/groovy/groovy-xml/2.5.8/groovy-xml-2.5.8.jar:/Users/ankranja/.m2/repository/org/apache/httpcomponents/httpclient/4.5.3/httpclient-4.5.3.jar:/Users/ankranja/.m2/repository/org/apache/httpcomponents/httpcore/4.4.6/httpcore-4.4.6.jar:/Users/ankranja/.m2/repository/commons-logging/commons-logging/1.2/commons-logging-1.2.jar:/Users/ankranja/.m2/repository/commons-codec/commons-codec/1.9/commons-codec-1.9.jar:/Users/ankranja/.m2/repository/org/apache/httpcomponents/httpmime/4.5.3/httpmime-4.5.3.jar:/Users/ankranja/.m2/repository/org/hamcrest/hamcrest/2.1/hamcrest-2.1.jar:/Users/ankranja/.m2/repository/org/ccil/cowan/tagsoup/tagsoup/1.2.1/tagsoup-1.2.1.jar:/Users/ankranja/.m2/repository/io/rest-assured/xml-path/4.1.2/xml-path-4.1.2.jar:/Users/ankranja/.m2/repository/javax/xml/bind/jaxb-api/2.3.1/jaxb-api-2.3.1.jar:/Users/ankranja/.m2/repository/javax/activation/javax.activation-api/1.2.0/javax.activation-api-1.2.0.jar:/Users/ankranja/.m2/repository/com/sun/xml/bind/jaxb-osgi/2.3.0.1/jaxb-osgi-2.3.0.1.jar:/Users/ankranja/.m2/repository/org/apache/sling/org.apache.sling.javax.activation/0.1.0/org.apache.sling.javax.activation-0.1.0.jar:/Users/ankranja/.m2/repository/javax/activation/activation/1.1.1/activation-1.1.1.jar:/Users/ankranja/.m2/repository/io/rest-assured/json-path/4.1.2/json-path-4.1.2.jar:/Users/ankranja/.m2/repository/org/codehaus/groovy/groovy-json/2.5.8/groovy-json-2.5.8.jar:/Users/ankranja/.m2/repository/io/rest-assured/rest-assured-common/4.1.2/rest-assured-common-4.1.2.jar:/Users/ankranja/.m2/repository/io/rest-assured/json-schema-validator/4.1.2/json-schema-validator-4.1.2.jar:/Users/ankranja/.m2/repository/com/github/java-json-tools/json-schema-validator/2.2.10/json-schema-validator-2.2.10.jar:/Users/ankranja/.m2/repository/com/github/java-json-tools/json-schema-core/1.2.10/json-schema-core-1.2.10.jar:/Users/ankranja/.m2/repository/com/github/java-json-tools/jackson-coreutils/1.9/jackson-coreutils-1.9.jar:/Users/ankranja/.m2/repository/com/github/fge/msg-simple/1.1/msg-simple-1.1.jar:/Users/ankranja/.m2/repository/com/github/fge/btf/1.2/btf-1.2.jar:/Users/ankranja/.m2/repository/com/github/fge/uri-template/0.9/uri-template-0.9.jar:/Users/ankranja/.m2/repository/org/mozilla/rhino/1.7.7.1/rhino-1.7.7.1.jar:/Users/ankranja/.m2/repository/javax/mail/mailapi/1.4.3/mailapi-1.4.3.jar:/Users/ankranja/.m2/repository/joda-time/joda-time/2.9.7/joda-time-2.9.7.jar:/Users/ankranja/.m2/repository/com/googlecode/libphonenumber/libphonenumber/8.0.0/libphonenumber-8.0.0.jar:/Users/ankranja/.m2/repository/com/google/code/findbugs/jsr305/3.0.1/jsr305-3.0.1.jar:/Users/ankranja/.m2/repository/net/sf/jopt-simple/jopt-simple/5.0.3/jopt-simple-5.0.3.jar:/Users/ankranja/.m2/repository/io/cucumber/cucumber-java/4.8.0/cucumber-java-4.8.0.jar:/Users/ankranja/.m2/repository/io/cucumber/cucumber-core/4.8.0/cucumber-core-4.8.0.jar:/Users/ankranja/.m2/repository/io/cucumber/tag-expressions/1.1.1/tag-expressions-1.1.1.jar:/Users/ankranja/.m2/repository/io/cucumber/cucumber-expressions/7.0.2/cucumber-expressions-7.0.2.jar:/Users/ankranja/.m2/repository/io/cucumber/datatable/1.1.14/datatable-1.1.14.jar:/Users/ankranja/.m2/repository/io/cucumber/datatable-dependencies/1.1.14/datatable-dependencies-1.1.14.jar:/Users/ankranja/.m2/repository/org/apiguardian/apiguardian-api/1.1.0/apiguardian-api-1.1.0.jar:/Users/ankranja/.m2/repository/io/cucumber/cucumber-jvm-deps/1.0.6/cucumber-jvm-deps-1.0.6.jar:/Users/ankranja/.m2/repository/io/cucumber/cucumber-junit/4.8.0/cucumber-junit-4.8.0.jar:/Users/ankranja/.m2/repository/de/monochromata/cucumber/reporting-plugin/3.0.7/reporting-plugin-3.0.7.jar:/Users/ankranja/.m2/repository/io/cucumber/gherkin/5.1.0/gherkin-5.1.0.jar:/Users/ankranja/.m2/repository/io/cucumber/gherkin-jvm-deps/1.0.4/gherkin-jvm-deps-1.0.4.jar:/Users/ankranja/.m2/repository/net/masterthought/cucumber-reporting/4.11.0/cucumber-reporting-4.11.0.jar:/Users/ankranja/.m2/repository/com/fasterxml/jackson/core/jackson-databind/2.10.0.pr2/jackson-databind-2.10.0.pr2.jar:/Users/ankranja/.m2/repository/com/fasterxml/jackson/core/jackson-annotations/2.10.0.pr2/jackson-annotations-2.10.0.pr2.jar:/Users/ankranja/.m2/repository/com/fasterxml/jackson/core/jackson-core/2.10.0.pr2/jackson-core-2.10.0.pr2.jar:/Users/ankranja/.m2/repository/org/apache/velocity/velocity-engine-core/2.1/velocity-engine-core-2.1.jar:/Users/ankranja/.m2/repository/org/slf4j/slf4j-api/1.7.26/slf4j-api-1.7.26.jar:/Users/ankranja/.m2/repository/commons-collections/commons-collections/3.2.2/commons-collections-3.2.2.jar:/Users/ankranja/.m2/repository/commons-io/commons-io/2.6/commons-io-2.6.jar:/Users/ankranja/.m2/repository/org/codehaus/plexus/plexus-utils/3.2.0/plexus-utils-3.2.0.jar:/Users/ankranja/.m2/repository/org/jsoup/jsoup/1.12.1/jsoup-1.12.1.jar:/Users/ankranja/.m2/repository/com/googlecode/owasp-java-html-sanitizer/owasp-java-html-sanitizer/20190610.1/owasp-java-html-sanitizer-20190610.1.jar:/Users/ankranja/.m2/repository/com/google/guava/guava/27.1-jre/guava-27.1-jre.jar:/Users/ankranja/.m2/repository/com/google/guava/failureaccess/1.0.1/failureaccess-1.0.1.jar:/Users/ankranja/.m2/repository/com/google/guava/listenablefuture/9999.0-empty-to-avoid-conflict-with-guava/listenablefuture-9999.0-empty-to-avoid-conflict-with-guava.jar:/Users/ankranja/.m2/repository/org/checkerframework/checker-qual/2.5.2/checker-qual-2.5.2.jar:/Users/ankranja/.m2/repository/com/google/errorprone/error_prone_annotations/2.2.0/error_prone_annotations-2.2.0.jar:/Users/ankranja/.m2/repository/com/google/j2objc/j2objc-annotations/1.1/j2objc-annotations-1.1.jar:/Users/ankranja/.m2/repository/org/codehaus/mojo/animal-sniffer-annotations/1.17/animal-sniffer-annotations-1.17.jar:/Users/ankranja/.m2/repository/commons-configuration/commons-configuration/1.10/commons-configuration-1.10.jar:/Users/ankranja/.m2/repository/commons-lang/commons-lang/2.6/commons-lang-2.6.jar:/Users/ankranja/.m2/repository/org/json/json/20190722/json-20190722.jar:/Users/ankranja/.m2/repository/com/googlecode/json-simple/json-simple/1.1.1/json-simple-1.1.1.jar:/Users/ankranja/.m2/repository/com/github/javafaker/javafaker/1.0.1/javafaker-1.0.1.jar:/Users/ankranja/.m2/repository/org/apache/commons/commons-lang3/3.5/commons-lang3-3.5.jar:/Users/ankranja/.m2/repository/org/yaml/snakeyaml/1.23/snakeyaml-1.23-android.jar:/Users/ankranja/.m2/repository/com/github/mifmif/generex/1.0.2/generex-1.0.2.jar:/Users/ankranja/.m2/repository/dk/brics/automaton/automaton/1.11-8/automaton-1.11-8.jar:"/>
    <property name="sun.cpu.endian" value="little"/>
    <property name="user.home" value="/Users/ankranja"/>
    <property name="user.language" value="en"/>
    <property name="java.specification.vendor" value="Oracle Corporation"/>
    <property name="java.version.date" value="2020-01-14"/>
    <property name="java.home" value="/Library/Java/JavaVirtualMachines/jdk-13.0.2.jdk/Contents/Home"/>
    <property name="file.separator" value="/"/>
    <property name="basedir" value="/Users/ankranja/elsevier-entellect"/>
    <property name="java.vm.compressedOopsMode" value="Zero based"/>
    <property name="line.separator" value="&#10;"/>
    <property name="java.vm.specification.vendor" value="Oracle Corporation"/>
    <property name="java.specification.name" value="Java Platform API Specification"/>
    <property name="surefire.real.class.path" value="/Users/ankranja/elsevier-entellect/target/surefire/surefirebooter14614109669810918051.jar"/>
    <property name="sun.management.compiler" value="HotSpot 64-Bit Tiered Compilers"/>
    <property name="java.runtime.version" value="13.0.2+8"/>
    <property name="user.name" value="ankranja"/>
    <property name="path.separator" value=":"/>
    <property name="os.version" value="10.15.7"/>
    <property name="java.runtime.name" value="Java(TM) SE Runtime Environment"/>
    <property name="file.encoding" value="UTF-8"/>
    <property name="java.vm.name" value="Java HotSpot(TM) 64-Bit Server VM"/>
    <property name="localRepository" value="/Users/ankranja/.m2/repository"/>
    <property name="java.vendor.url.bug" value="https://bugreport.java.com/bugreport/"/>
    <property name="java.io.tmpdir" value="/var/folders/35/q1l7xqr52vvchlsltv7y6_rhcpw6cz/T/"/>
    <property name="java.version" value="13.0.2"/>
    <property name="user.dir" value="/Users/ankranja/elsevier-entellect"/>
    <property name="os.arch" value="x86_64"/>
    <property name="java.vm.specification.name" value="Java Virtual Machine Specification"/>
    <property name="java.library.path" value="/Users/ankranja/Library/Java/Extensions:/Library/Java/Extensions:/Network/Library/Java/Extensions:/System/Library/Java/Extensions:/usr/lib/java:."/>
    <property name="java.vm.info" value="mixed mode, sharing"/>
    <property name="java.vendor" value="Oracle Corporation"/>
    <property name="java.vm.version" value="13.0.2+8"/>
    <property name="sun.io.unicode.encoding" value="UnicodeBig"/>
    <property name="java.class.version" value="57.0"/>
  </properties>
  <testcase name="Verify that bitlinks are being created using post bitlink API with status code 200" classname="Create Bitlinks" time="1.445">
    <failure message="1 expectation failed.&#10;Expected status code &lt;200&gt; but was &lt;406&gt;.&#10;" type="java.lang.AssertionError"><![CDATA[java.lang.AssertionError: 
1 expectation failed.
Expected status code <200> but was <406>.

]]></failure>
    <system-out><![CDATA[Request method:	POST
Request URI:	https://api-ssl.bitly.com/v4/bitlinks
Proxy:			<none>
Request params:	<none>
Query params:	<none>
Form params:	<none>
Path params:	<none>
Headers:		Authorization=Bearer b2e55657a51bca585a30baa93f2df3593f0a8e62
				Accept=application/json, application/javascript, text/javascript, text/json
				Content-Type=application/json; charset=UTF-8
Cookies:		<none>
Multiparts:		<none>
Body:
{
    "group_guid": "Bl2h8zwUMEf",
    "domain": "bit.ly",
    "long_url": "https://cucumber.io/docs/gherkin/",
    "title": "Gherkin Syntax - Cucumber Documentation",
    "tags": [
        "bitly",
        "api"
    ]
}
HTTP/1.1 406 Not Acceptable
Server: nginx
Date: Mon, 22 Feb 2021 19:41:19 GMT
Content-Type: application/json
Content-Length: 41
Strict-Transport-Security: max-age=31536000; includeSubDomains
X-XSS-Protection: 1; mode=blockFilter
X-Content-Type-Options: nosniff
X-Frame-Options: DENY
Content-Security-Policy: default-src 'none
Via: 1.1 google
Alt-Svc: clear

{
    "message": "INVALID_CONTENT_TYPE_HEADER"
}
-------io.restassured.internal.ValidatableResponseImpl@658255aa
]]></system-out>
  </testcase>
</testsuite>